[2025-06-26 19:22:56] [authController] [POST /api/auth/login] [reqId: 05b0313f-d5fd-4ac8-8899-3c9d427e44ef] INFO: User requested to login with email "sohil2@gmail.com"
[2025-06-26 19:22:57] [authController] [POST /api/auth/login] [reqId: 05b0313f-d5fd-4ac8-8899-3c9d427e44ef] INFO: Session created for user "685bcd165b4ef54aebeea0d2" having email "sohil2@gmail.com"
[2025-06-26 19:22:57] [authController] [POST /api/auth/login] [reqId: 05b0313f-d5fd-4ac8-8899-3c9d427e44ef] INFO: Login Successful: Access token sent to user "685bcd165b4ef54aebeea0d2" having email "sohil2@gmail.com"
[2025-06-26 19:23:17] [authController] [POST /api/auth/login] [reqId: 2d3d5dd7-b29b-4a67-b14b-1f1b17493256] INFO: User requested to login with email "sohil5@gmail.com"
[2025-06-26 19:23:17] [authController] [POST /api/auth/login] [reqId: 2d3d5dd7-b29b-4a67-b14b-1f1b17493256] ERROR: [STACK_TRACE]: Error: Login Failed: Invalid credentials for email "sohil5@gmail.com"
    at login (D:\Projects\Devlink\Backend\controllers\authController.js:67:13)
    at process.processTicksAndRejections (node:internal/process/task_queues:95:5)
    at async D:\Projects\Devlink\Backend\utils\helperFunctions.js:24:5
[2025-06-26 19:23:54] [authController] [POST /api/auth/register] [reqId: add25413-1d68-4255-9f07-734e7c9349c7] INFO: User requested to register with email "sohil3@gmail.com"
[2025-06-26 19:23:54] [authController] [POST /api/auth/register] [reqId: add25413-1d68-4255-9f07-734e7c9349c7] INFO: User "685d50f21ea653f79eaf4531" created for email "sohil3@gmail.com"
[2025-06-26 19:23:54] [authController] [POST /api/auth/register] [reqId: add25413-1d68-4255-9f07-734e7c9349c7] INFO: Successful response sent to user "685d50f21ea653f79eaf4531"
[2025-06-26 19:24:27] [authController] [POST /api/auth/login] [reqId: 1735fbfb-4698-4c0c-88dd-79e82d309fcd] INFO: User requested to login with email "sohil5@gmail.com"
[2025-06-26 19:24:27] [authController] [POST /api/auth/login] [reqId: 1735fbfb-4698-4c0c-88dd-79e82d309fcd] ERROR: [STACK_TRACE]: Error: Login Failed: Invalid credentials for email "sohil5@gmail.com"
    at login (D:\Projects\Devlink\Backend\controllers\authController.js:67:13)
    at process.processTicksAndRejections (node:internal/process/task_queues:95:5)
    at async D:\Projects\Devlink\Backend\utils\helperFunctions.js:24:5
[2025-06-26 19:24:31] [authController] [POST /api/auth/login] [reqId: 9bbd455c-47cf-4a6a-a45d-3e8177a91822] INFO: User requested to login with email "sohil1@gmail.com"
[2025-06-26 19:24:32] [authController] [POST /api/auth/login] [reqId: 9bbd455c-47cf-4a6a-a45d-3e8177a91822] INFO: Session created for user "685b86dbb03ded4eee43fdee" having email "sohil1@gmail.com"
[2025-06-26 19:24:32] [authController] [POST /api/auth/login] [reqId: 9bbd455c-47cf-4a6a-a45d-3e8177a91822] INFO: Login Successful: Access token sent to user "685b86dbb03ded4eee43fdee" having email "sohil1@gmail.com"
[2025-06-26 19:32:43] [authController] [POST /api/auth/login] [reqId: 5dc4e215-b9a9-4a33-b97c-33d82a8d0a8b] [INFO]: User requested to login with email "sohil1@gmail.com"
[2025-06-26 19:32:43] [authController] [POST /api/auth/login] [reqId: 5dc4e215-b9a9-4a33-b97c-33d82a8d0a8b] [INFO]: Session created for user "685b86dbb03ded4eee43fdee" having email "sohil1@gmail.com"
[2025-06-26 19:32:43] [authController] [POST /api/auth/login] [reqId: 5dc4e215-b9a9-4a33-b97c-33d82a8d0a8b] [INFO]: Login Successful: Access token sent to user "685b86dbb03ded4eee43fdee" having email "sohil1@gmail.com"
[2025-06-26 19:33:16] [authController] [POST /api/auth/login] [reqId: 4015f377-9e9e-480c-a107-3f270b78d69c] [INFO]: User requested to login with email "sohil1@gmail.com"
[2025-06-26 19:33:16] [authController] [POST /api/auth/login] [reqId: 4015f377-9e9e-480c-a107-3f270b78d69c] [INFO]: Session created for user "685b86dbb03ded4eee43fdee" having email "sohil1@gmail.com"
[2025-06-26 19:33:16] [authController] [POST /api/auth/login] [reqId: 4015f377-9e9e-480c-a107-3f270b78d69c] [INFO]: Login Successful: Access token sent to user "685b86dbb03ded4eee43fdee" having email "sohil1@gmail.com"
[2025-06-26 19:33:17] [authController] [POST /api/auth/login] [reqId: 5ce8fcf8-d4fa-48e3-9875-fe1a52296c61] [INFO]: User requested to login with email "sohil1@gmail.com"
[2025-06-26 19:33:17] [authController] [POST /api/auth/login] [reqId: 5ce8fcf8-d4fa-48e3-9875-fe1a52296c61] [INFO]: Session created for user "685b86dbb03ded4eee43fdee" having email "sohil1@gmail.com"
[2025-06-26 19:33:17] [authController] [POST /api/auth/login] [reqId: 5ce8fcf8-d4fa-48e3-9875-fe1a52296c61] [INFO]: Login Successful: Access token sent to user "685b86dbb03ded4eee43fdee" having email "sohil1@gmail.com"
[2025-06-26 19:33:18] [authController] [POST /api/auth/login] [reqId: c62f3c33-ec75-4542-ac95-64e21dc8f811] [INFO]: User requested to login with email "sohil1@gmail.com"
[2025-06-26 19:33:18] [authController] [POST /api/auth/login] [reqId: c62f3c33-ec75-4542-ac95-64e21dc8f811] [INFO]: Session created for user "685b86dbb03ded4eee43fdee" having email "sohil1@gmail.com"
[2025-06-26 19:33:18] [authController] [POST /api/auth/login] [reqId: c62f3c33-ec75-4542-ac95-64e21dc8f811] [INFO]: Login Successful: Access token sent to user "685b86dbb03ded4eee43fdee" having email "sohil1@gmail.com"
[2025-06-26 19:33:18] [authController] [POST /api/auth/login] [reqId: 6c343c35-e674-46fc-8742-446803e5e91b] [INFO]: User requested to login with email "sohil1@gmail.com"
[2025-06-26 19:33:19] [authController] [POST /api/auth/login] [reqId: 6c343c35-e674-46fc-8742-446803e5e91b] [INFO]: Session created for user "685b86dbb03ded4eee43fdee" having email "sohil1@gmail.com"
[2025-06-26 19:33:19] [authController] [POST /api/auth/login] [reqId: 6c343c35-e674-46fc-8742-446803e5e91b] [INFO]: Login Successful: Access token sent to user "685b86dbb03ded4eee43fdee" having email "sohil1@gmail.com"
[2025-06-26 19:33:19] [authController] [POST /api/auth/login] [reqId: 79e9c26b-4ff0-4b38-8b64-c2cf7128d569] [INFO]: User requested to login with email "sohil1@gmail.com"
[2025-06-26 19:33:20] [authController] [POST /api/auth/login] [reqId: 79e9c26b-4ff0-4b38-8b64-c2cf7128d569] [INFO]: Session created for user "685b86dbb03ded4eee43fdee" having email "sohil1@gmail.com"
[2025-06-26 19:33:20] [authController] [POST /api/auth/login] [reqId: 79e9c26b-4ff0-4b38-8b64-c2cf7128d569] [INFO]: Login Successful: Access token sent to user "685b86dbb03ded4eee43fdee" having email "sohil1@gmail.com"
